\BOOKMARK [1][-]{section.1}{Introdu\347\343o}{}% 1
\BOOKMARK [1][-]{section.2}{Caracteriza\347\343o do Ambiente de Testes}{}% 2
\BOOKMARK [2][-]{subsection.2.1}{Nodos de Teste}{section.2}% 3
\BOOKMARK [2][-]{subsection.2.2}{Compiladores Utilizados}{section.2}% 4
\BOOKMARK [1][-]{section.3}{Caracteriza\347\343o do Benchmark}{}% 5
\BOOKMARK [2][-]{subsection.3.1}{Escolha de Kernels e Classes de Dados}{section.3}% 6
\BOOKMARK [1][-]{section.4}{Testes Efectuados}{}% 7
\BOOKMARK [2][-]{subsection.4.1}{Vers\343o Sequencial}{section.4}% 8
\BOOKMARK [2][-]{subsection.4.2}{Vers\343o OMP}{section.4}% 9
\BOOKMARK [2][-]{subsection.4.3}{Vers\343o MPI}{section.4}% 10
\BOOKMARK [1][-]{section.5}{An\341lise de Resultados}{}% 11
\BOOKMARK [2][-]{subsection.5.1}{Vers\343o Sequencial}{section.5}% 12
\BOOKMARK [2][-]{subsection.5.2}{Vers\343o OMP}{section.5}% 13
\BOOKMARK [2][-]{subsection.5.3}{Vers\343o MPI}{section.5}% 14
\BOOKMARK [1][-]{section.6}{Ganhos}{}% 15
\BOOKMARK [2][-]{subsection.6.1}{Sequencial vs OMP}{section.6}% 16
\BOOKMARK [2][-]{subsection.6.2}{Sequencial vs MPI}{section.6}% 17
\BOOKMARK [1][-]{section.7}{Utilit\341rios de Monitoriza\347\343o}{}% 18
\BOOKMARK [2][-]{subsection.7.1}{Vers\343o Sequencial}{section.7}% 19
\BOOKMARK [3][-]{subsubsection.7.1.1}{CPU}{subsection.7.1}% 20
\BOOKMARK [3][-]{subsubsection.7.1.2}{Mem\363ria}{subsection.7.1}% 21
\BOOKMARK [3][-]{subsubsection.7.1.3}{Disco}{subsection.7.1}% 22
\BOOKMARK [2][-]{subsection.7.2}{Vers\343o OMP}{section.7}% 23
\BOOKMARK [3][-]{subsubsection.7.2.1}{CPU}{subsection.7.2}% 24
\BOOKMARK [3][-]{subsubsection.7.2.2}{Mem\363ria}{subsection.7.2}% 25
\BOOKMARK [3][-]{subsubsection.7.2.3}{Disco}{subsection.7.2}% 26
\BOOKMARK [2][-]{subsection.7.3}{Vers\343o MPI}{section.7}% 27
\BOOKMARK [3][-]{subsubsection.7.3.1}{CPU}{subsection.7.3}% 28
\BOOKMARK [3][-]{subsubsection.7.3.2}{Mem\363ria}{subsection.7.3}% 29
\BOOKMARK [3][-]{subsubsection.7.3.3}{Disco}{subsection.7.3}% 30
\BOOKMARK [1][-]{section.8}{Conclus\343o}{}% 31
\BOOKMARK [1][-]{section*.1}{Refer\352ncias}{}% 32
\BOOKMARK [1][-]{section*.2}{Ap\352ndice}{}% 33
