This is pdfTeX, Version 3.14159265-2.6-1.40.16 (TeX Live 2015) (preloaded format=pdflatex 2015.5.24)  6 MAR 2016 01:45
entering extended mode
 restricted \write18 enabled.
 file:line:error style messages enabled.
 %&-line parsing enabled.
**relatorio_esc.tex
(./relatorio_esc.tex
LaTeX2e <2015/01/01>
Babel <3.9l> and hyphenation patterns for 79 languages loaded.
(./IEEEtran.cls
Document Class: IEEEtran 2015/08/26 V1.8b by Michael Shell
-- See the "IEEEtran_HOWTO" manual for usage information.
-- http://www.michaelshell.org/tex/ieeetran/
\@IEEEtrantmpdimenA=\dimen102
\@IEEEtrantmpdimenB=\dimen103
\@IEEEtrantmpdimenC=\dimen104
\@IEEEtrantmpcountA=\count79
\@IEEEtrantmpcountB=\count80
\@IEEEtrantmpcountC=\count81
\@IEEEtrantmptoksA=\toks14
LaTeX Font Info:    Try loading font information for OT1+ptm on input line 503.

(/usr/local/texlive/2015/texmf-dist/tex/latex/psnfss/ot1ptm.fd
File: ot1ptm.fd 2001/06/04 font definitions for OT1/ptm.
)
-- Using IEEE Computer Society mode.
-- Using 8.5in x 11in (letter) paper.
-- Using PDF output.
\@IEEEnormalsizeunitybaselineskip=\dimen105
-- This is a 10 point document.
\CLASSINFOnormalsizebaselineskip=\dimen106
\CLASSINFOnormalsizeunitybaselineskip=\dimen107
\IEEEnormaljot=\dimen108
LaTeX Font Info:    Font shape `OT1/ptm/bx/n' in size <5.01874> not available
(Font)              Font shape `OT1/ptm/b/n' tried instead on input line 1090.
LaTeX Font Info:    Font shape `OT1/ptm/bx/it' in size <5.01874> not available
(Font)              Font shape `OT1/ptm/b/it' tried instead on input line 1090.

LaTeX Font Info:    Font shape `OT1/ptm/bx/n' in size <7.02625> not available
(Font)              Font shape `OT1/ptm/b/n' tried instead on input line 1090.
LaTeX Font Info:    Font shape `OT1/ptm/bx/it' in size <7.02625> not available
(Font)              Font shape `OT1/ptm/b/it' tried instead on input line 1090.

LaTeX Font Info:    Font shape `OT1/ptm/bx/n' in size <8.03> not available
(Font)              Font shape `OT1/ptm/b/n' tried instead on input line 1090.
LaTeX Font Info:    Font shape `OT1/ptm/bx/it' in size <8.03> not available
(Font)              Font shape `OT1/ptm/b/it' tried instead on input line 1090.

LaTeX Font Info:    Font shape `OT1/ptm/bx/n' in size <9.03374> not available
(Font)              Font shape `OT1/ptm/b/n' tried instead on input line 1090.
LaTeX Font Info:    Font shape `OT1/ptm/bx/it' in size <9.03374> not available
(Font)              Font shape `OT1/ptm/b/it' tried instead on input line 1090.

LaTeX Font Info:    Font shape `OT1/ptm/bx/n' in size <10.03749> not available
(Font)              Font shape `OT1/ptm/b/n' tried instead on input line 1090.
LaTeX Font Info:    Font shape `OT1/ptm/bx/it' in size <10.03749> not available

(Font)              Font shape `OT1/ptm/b/it' tried instead on input line 1090.

LaTeX Font Info:    Font shape `OT1/ptm/bx/n' in size <11.04124> not available
(Font)              Font shape `OT1/ptm/b/n' tried instead on input line 1090.
LaTeX Font Info:    Font shape `OT1/ptm/bx/it' in size <11.04124> not available

(Font)              Font shape `OT1/ptm/b/it' tried instead on input line 1090.

LaTeX Font Info:    Font shape `OT1/ptm/bx/n' in size <12.045> not available
(Font)              Font shape `OT1/ptm/b/n' tried instead on input line 1090.
LaTeX Font Info:    Font shape `OT1/ptm/bx/it' in size <12.045> not available
(Font)              Font shape `OT1/ptm/b/it' tried instead on input line 1090.

LaTeX Font Info:    Font shape `OT1/ptm/bx/n' in size <17.06374> not available
(Font)              Font shape `OT1/ptm/b/n' tried instead on input line 1090.
LaTeX Font Info:    Font shape `OT1/ptm/bx/it' in size <17.06374> not available

(Font)              Font shape `OT1/ptm/b/it' tried instead on input line 1090.

LaTeX Font Info:    Font shape `OT1/ptm/bx/n' in size <20.075> not available
(Font)              Font shape `OT1/ptm/b/n' tried instead on input line 1090.
LaTeX Font Info:    Font shape `OT1/ptm/bx/it' in size <20.075> not available
(Font)              Font shape `OT1/ptm/b/it' tried instead on input line 1090.

LaTeX Font Info:    Font shape `OT1/ptm/bx/n' in size <24.09> not available
(Font)              Font shape `OT1/ptm/b/n' tried instead on input line 1090.
LaTeX Font Info:    Font shape `OT1/ptm/bx/it' in size <24.09> not available
(Font)              Font shape `OT1/ptm/b/it' tried instead on input line 1090.

\IEEEquantizedlength=\dimen109
\IEEEquantizedlengthdiff=\dimen110
\IEEEquantizedtextheightdiff=\dimen111
\IEEEilabelindentA=\dimen112
\IEEEilabelindentB=\dimen113
\IEEEilabelindent=\dimen114
\IEEEelabelindent=\dimen115
\IEEEdlabelindent=\dimen116
\IEEElabelindent=\dimen117
\IEEEiednormlabelsep=\dimen118
\IEEEiedmathlabelsep=\dimen119
\IEEEiedtopsep=\skip41
\c@section=\count82
\c@subsection=\count83
\c@subsubsection=\count84
\c@paragraph=\count85
\c@IEEEsubequation=\count86
\abovecaptionskip=\skip42
\belowcaptionskip=\skip43
\c@figure=\count87
\c@table=\count88
\@IEEEeqnnumcols=\count89
\@IEEEeqncolcnt=\count90
\@IEEEsubeqnnumrollback=\count91
\@IEEEquantizeheightA=\dimen120
\@IEEEquantizeheightB=\dimen121
\@IEEEquantizeheightC=\dimen122
\@IEEEquantizeprevdepth=\dimen123
\@IEEEquantizemultiple=\count92
\@IEEEquantizeboxA=\box26
\@IEEEtmpitemindent=\dimen124
\IEEEPARstartletwidth=\dimen125
\c@IEEEbiography=\count93
\@IEEEtranrubishbin=\box27
) (/usr/local/texlive/2015/texmf-dist/tex/latex/base/inputenc.sty
Package: inputenc 2015/03/17 v1.2c Input encoding file
\inpenc@prehook=\toks15
\inpenc@posthook=\toks16

(/usr/local/texlive/2015/texmf-dist/tex/latex/base/utf8.def
File: utf8.def 2014/09/29 v1.1m UTF-8 support for inputenc
Now handling font encoding OML ...
... no UTF-8 mapping file for font encoding OML
Now handling font encoding T1 ...
... processing UTF-8 mapping file for font encoding T1

(/usr/local/texlive/2015/texmf-dist/tex/latex/base/t1enc.dfu
File: t1enc.dfu 2014/09/29 v1.1m UTF-8 support for inputenc
   defining Unicode char U+00A1 (decimal 161)
   defining Unicode char U+00A3 (decimal 163)
   defining Unicode char U+00AB (decimal 171)
   defining Unicode char U+00BB (decimal 187)
   defining Unicode char U+00BF (decimal 191)
   defining Unicode char U+00C0 (decimal 192)
   defining Unicode char U+00C1 (decimal 193)
   defining Unicode char U+00C2 (decimal 194)
   defining Unicode char U+00C3 (decimal 195)
   defining Unicode char U+00C4 (decimal 196)
   defining Unicode char U+00C5 (decimal 197)
   defining Unicode char U+00C6 (decimal 198)
   defining Unicode char U+00C7 (decimal 199)
   defining Unicode char U+00C8 (decimal 200)
   defining Unicode char U+00C9 (decimal 201)
   defining Unicode char U+00CA (decimal 202)
   defining Unicode char U+00CB (decimal 203)
   defining Unicode char U+00CC (decimal 204)
   defining Unicode char U+00CD (decimal 205)
   defining Unicode char U+00CE (decimal 206)
   defining Unicode char U+00CF (decimal 207)
   defining Unicode char U+00D0 (decimal 208)
   defining Unicode char U+00D1 (decimal 209)
   defining Unicode char U+00D2 (decimal 210)
   defining Unicode char U+00D3 (decimal 211)
   defining Unicode char U+00D4 (decimal 212)
   defining Unicode char U+00D5 (decimal 213)
   defining Unicode char U+00D6 (decimal 214)
   defining Unicode char U+00D8 (decimal 216)
   defining Unicode char U+00D9 (decimal 217)
   defining Unicode char U+00DA (decimal 218)
   defining Unicode char U+00DB (decimal 219)
   defining Unicode char U+00DC (decimal 220)
   defining Unicode char U+00DD (decimal 221)
   defining Unicode char U+00DE (decimal 222)
   defining Unicode char U+00DF (decimal 223)
   defining Unicode char U+00E0 (decimal 224)
   defining Unicode char U+00E1 (decimal 225)
   defining Unicode char U+00E2 (decimal 226)
   defining Unicode char U+00E3 (decimal 227)
   defining Unicode char U+00E4 (decimal 228)
   defining Unicode char U+00E5 (decimal 229)
   defining Unicode char U+00E6 (decimal 230)
   defining Unicode char U+00E7 (decimal 231)
   defining Unicode char U+00E8 (decimal 232)
   defining Unicode char U+00E9 (decimal 233)
   defining Unicode char U+00EA (decimal 234)
   defining Unicode char U+00EB (decimal 235)
   defining Unicode char U+00EC (decimal 236)
   defining Unicode char U+00ED (decimal 237)
   defining Unicode char U+00EE (decimal 238)
   defining Unicode char U+00EF (decimal 239)
   defining Unicode char U+00F0 (decimal 240)
   defining Unicode char U+00F1 (decimal 241)
   defining Unicode char U+00F2 (decimal 242)
   defining Unicode char U+00F3 (decimal 243)
   defining Unicode char U+00F4 (decimal 244)
   defining Unicode char U+00F5 (decimal 245)
   defining Unicode char U+00F6 (decimal 246)
   defining Unicode char U+00F8 (decimal 248)
   defining Unicode char U+00F9 (decimal 249)
   defining Unicode char U+00FA (decimal 250)
   defining Unicode char U+00FB (decimal 251)
   defining Unicode char U+00FC (decimal 252)
   defining Unicode char U+00FD (decimal 253)
   defining Unicode char U+00FE (decimal 254)
   defining Unicode char U+00FF (decimal 255)
   defining Unicode char U+0102 (decimal 258)
   defining Unicode char U+0103 (decimal 259)
   defining Unicode char U+0104 (decimal 260)
   defining Unicode char U+0105 (decimal 261)
   defining Unicode char U+0106 (decimal 262)
   defining Unicode char U+0107 (decimal 263)
   defining Unicode char U+010C (decimal 268)
   defining Unicode char U+010D (decimal 269)
   defining Unicode char U+010E (decimal 270)
   defining Unicode char U+010F (decimal 271)
   defining Unicode char U+0110 (decimal 272)
   defining Unicode char U+0111 (decimal 273)
   defining Unicode char U+0118 (decimal 280)
   defining Unicode char U+0119 (decimal 281)
   defining Unicode char U+011A (decimal 282)
   defining Unicode char U+011B (decimal 283)
   defining Unicode char U+011E (decimal 286)
   defining Unicode char U+011F (decimal 287)
   defining Unicode char U+0130 (decimal 304)
   defining Unicode char U+0131 (decimal 305)
   defining Unicode char U+0132 (decimal 306)
   defining Unicode char U+0133 (decimal 307)
   defining Unicode char U+0139 (decimal 313)
   defining Unicode char U+013A (decimal 314)
   defining Unicode char U+013D (decimal 317)
   defining Unicode char U+013E (decimal 318)
   defining Unicode char U+0141 (decimal 321)
   defining Unicode char U+0142 (decimal 322)
   defining Unicode char U+0143 (decimal 323)
   defining Unicode char U+0144 (decimal 324)
   defining Unicode char U+0147 (decimal 327)
   defining Unicode char U+0148 (decimal 328)
   defining Unicode char U+014A (decimal 330)
   defining Unicode char U+014B (decimal 331)
   defining Unicode char U+0150 (decimal 336)
   defining Unicode char U+0151 (decimal 337)
   defining Unicode char U+0152 (decimal 338)
   defining Unicode char U+0153 (decimal 339)
   defining Unicode char U+0154 (decimal 340)
   defining Unicode char U+0155 (decimal 341)
   defining Unicode char U+0158 (decimal 344)
   defining Unicode char U+0159 (decimal 345)
   defining Unicode char U+015A (decimal 346)
   defining Unicode char U+015B (decimal 347)
   defining Unicode char U+015E (decimal 350)
   defining Unicode char U+015F (decimal 351)
   defining Unicode char U+0160 (decimal 352)
   defining Unicode char U+0161 (decimal 353)
   defining Unicode char U+0162 (decimal 354)
   defining Unicode char U+0163 (decimal 355)
   defining Unicode char U+0164 (decimal 356)
   defining Unicode char U+0165 (decimal 357)
   defining Unicode char U+016E (decimal 366)
   defining Unicode char U+016F (decimal 367)
   defining Unicode char U+0170 (decimal 368)
   defining Unicode char U+0171 (decimal 369)
   defining Unicode char U+0178 (decimal 376)
   defining Unicode char U+0179 (decimal 377)
   defining Unicode char U+017A (decimal 378)
   defining Unicode char U+017B (decimal 379)
   defining Unicode char U+017C (decimal 380)
   defining Unicode char U+017D (decimal 381)
   defining Unicode char U+017E (decimal 382)
   defining Unicode char U+200C (decimal 8204)
   defining Unicode char U+2013 (decimal 8211)
   defining Unicode char U+2014 (decimal 8212)
   defining Unicode char U+2018 (decimal 8216)
   defining Unicode char U+2019 (decimal 8217)
   defining Unicode char U+201A (decimal 8218)
   defining Unicode char U+201C (decimal 8220)
   defining Unicode char U+201D (decimal 8221)
   defining Unicode char U+201E (decimal 8222)
   defining Unicode char U+2030 (decimal 8240)
   defining Unicode char U+2031 (decimal 8241)
   defining Unicode char U+2039 (decimal 8249)
   defining Unicode char U+203A (decimal 8250)
   defining Unicode char U+2423 (decimal 9251)
)
Now handling font encoding OT1 ...
... processing UTF-8 mapping file for font encoding OT1

(/usr/local/texlive/2015/texmf-dist/tex/latex/base/ot1enc.dfu
File: ot1enc.dfu 2014/09/29 v1.1m UTF-8 support for inputenc
   defining Unicode char U+00A1 (decimal 161)
   defining Unicode char U+00A3 (decimal 163)
   defining Unicode char U+00B8 (decimal 184)
   defining Unicode char U+00BF (decimal 191)
   defining Unicode char U+00C5 (decimal 197)
   defining Unicode char U+00C6 (decimal 198)
   defining Unicode char U+00D8 (decimal 216)
   defining Unicode char U+00DF (decimal 223)
   defining Unicode char U+00E6 (decimal 230)
   defining Unicode char U+00EC (decimal 236)
   defining Unicode char U+00ED (decimal 237)
   defining Unicode char U+00EE (decimal 238)
   defining Unicode char U+00EF (decimal 239)
   defining Unicode char U+00F8 (decimal 248)
   defining Unicode char U+0131 (decimal 305)
   defining Unicode char U+0141 (decimal 321)
   defining Unicode char U+0142 (decimal 322)
   defining Unicode char U+0152 (decimal 338)
   defining Unicode char U+0153 (decimal 339)
   defining Unicode char U+2013 (decimal 8211)
   defining Unicode char U+2014 (decimal 8212)
   defining Unicode char U+2018 (decimal 8216)
   defining Unicode char U+2019 (decimal 8217)
   defining Unicode char U+201C (decimal 8220)
   defining Unicode char U+201D (decimal 8221)
)
Now handling font encoding OMS ...
... processing UTF-8 mapping file for font encoding OMS

(/usr/local/texlive/2015/texmf-dist/tex/latex/base/omsenc.dfu
File: omsenc.dfu 2014/09/29 v1.1m UTF-8 support for inputenc
   defining Unicode char U+00A7 (decimal 167)
   defining Unicode char U+00B6 (decimal 182)
   defining Unicode char U+00B7 (decimal 183)
   defining Unicode char U+2020 (decimal 8224)
   defining Unicode char U+2021 (decimal 8225)
   defining Unicode char U+2022 (decimal 8226)
)
Now handling font encoding OMX ...
... no UTF-8 mapping file for font encoding OMX
Now handling font encoding U ...
... no UTF-8 mapping file for font encoding U
   defining Unicode char U+00A9 (decimal 169)
   defining Unicode char U+00AA (decimal 170)
   defining Unicode char U+00AE (decimal 174)
   defining Unicode char U+00BA (decimal 186)
   defining Unicode char U+02C6 (decimal 710)
   defining Unicode char U+02DC (decimal 732)
   defining Unicode char U+200C (decimal 8204)
   defining Unicode char U+2026 (decimal 8230)
   defining Unicode char U+2122 (decimal 8482)
   defining Unicode char U+2423 (decimal 9251)
))
(/usr/local/texlive/2015/texmf-dist/tex/generic/babel/babel.sty
Package: babel 2014/09/25 3.9l The Babel package

(/usr/local/texlive/2015/texmf-dist/tex/generic/babel-portuges/portuges.ldf
Language: portuges 2008/03/18 v1.2q Portuguese support from the babel system

(/usr/local/texlive/2015/texmf-dist/tex/generic/babel/babel.def
File: babel.def 2014/09/25 3.9l Babel common definitions
\babel@savecnt=\count94
\U@D=\dimen126
)
Package babel Info: Making " an active character on input line 145.
))
(/usr/local/texlive/2015/texmf-dist/tex/latex/url/url.sty
\Urlmuskip=\muskip10
Package: url 2013/09/16  ver 3.4  Verb mode for urls, etc.
)
(/usr/local/texlive/2015/texmf-dist/tex/latex/hyperref/hyperref.sty
Package: hyperref 2012/11/06 v6.83m Hypertext links for LaTeX

(/usr/local/texlive/2015/texmf-dist/tex/generic/oberdiek/hobsub-hyperref.sty
Package: hobsub-hyperref 2012/05/28 v1.13 Bundle oberdiek, subset hyperref (HO)


(/usr/local/texlive/2015/texmf-dist/tex/generic/oberdiek/hobsub-generic.sty
Package: hobsub-generic 2012/05/28 v1.13 Bundle oberdiek, subset generic (HO)
Package: hobsub 2012/05/28 v1.13 Construct package bundles (HO)
Package: infwarerr 2010/04/08 v1.3 Providing info/warning/error messages (HO)
Package: ltxcmds 2011/11/09 v1.22 LaTeX kernel commands for general use (HO)
Package: ifluatex 2010/03/01 v1.3 Provides the ifluatex switch (HO)
Package ifluatex Info: LuaTeX not detected.
Package: ifvtex 2010/03/01 v1.5 Detect VTeX and its facilities (HO)
Package ifvtex Info: VTeX not detected.
Package: intcalc 2007/09/27 v1.1 Expandable calculations with integers (HO)
Package: ifpdf 2011/01/30 v2.3 Provides the ifpdf switch (HO)
Package ifpdf Info: pdfTeX in PDF mode is detected.
Package: etexcmds 2011/02/16 v1.5 Avoid name clashes with e-TeX commands (HO)
Package etexcmds Info: Could not find \expanded.
(etexcmds)             That can mean that you are not using pdfTeX 1.50 or
(etexcmds)             that some package has redefined \expanded.
(etexcmds)             In the latter case, load this package earlier.
Package: kvsetkeys 2012/04/25 v1.16 Key value parser (HO)
Package: kvdefinekeys 2011/04/07 v1.3 Define keys (HO)
Package: pdftexcmds 2011/11/29 v0.20 Utility functions of pdfTeX for LuaTeX (HO
)
Package pdftexcmds Info: LuaTeX not detected.
Package pdftexcmds Info: \pdf@primitive is available.
Package pdftexcmds Info: \pdf@ifprimitive is available.
Package pdftexcmds Info: \pdfdraftmode found.
Package: pdfescape 2011/11/25 v1.13 Implements pdfTeX's escape features (HO)
Package: bigintcalc 2012/04/08 v1.3 Expandable calculations on big integers (HO
)
Package: bitset 2011/01/30 v1.1 Handle bit-vector datatype (HO)
Package: uniquecounter 2011/01/30 v1.2 Provide unlimited unique counter (HO)
)
Package hobsub Info: Skipping package `hobsub' (already loaded).
Package: letltxmacro 2010/09/02 v1.4 Let assignment for LaTeX macros (HO)
Package: hopatch 2012/05/28 v1.2 Wrapper for package hooks (HO)
Package: xcolor-patch 2011/01/30 xcolor patch
Package: atveryend 2011/06/30 v1.8 Hooks at the very end of document (HO)
Package atveryend Info: \enddocument detected (standard20110627).
Package: atbegshi 2011/10/05 v1.16 At begin shipout hook (HO)
Package: refcount 2011/10/16 v3.4 Data extraction from label references (HO)
Package: hycolor 2011/01/30 v1.7 Color options for hyperref/bookmark (HO)
)
(/usr/local/texlive/2015/texmf-dist/tex/latex/graphics/keyval.sty
Package: keyval 2014/10/28 v1.15 key=value parser (DPC)
\KV@toks@=\toks17
)
(/usr/local/texlive/2015/texmf-dist/tex/generic/ifxetex/ifxetex.sty
Package: ifxetex 2010/09/12 v0.6 Provides ifxetex conditional
)
(/usr/local/texlive/2015/texmf-dist/tex/latex/oberdiek/auxhook.sty
Package: auxhook 2011/03/04 v1.3 Hooks for auxiliary files (HO)
)
(/usr/local/texlive/2015/texmf-dist/tex/latex/oberdiek/kvoptions.sty
Package: kvoptions 2011/06/30 v3.11 Key value format for package options (HO)
)
\@linkdim=\dimen127
\Hy@linkcounter=\count95
\Hy@pagecounter=\count96

(/usr/local/texlive/2015/texmf-dist/tex/latex/hyperref/pd1enc.def
File: pd1enc.def 2012/11/06 v6.83m Hyperref: PDFDocEncoding definition (HO)
Now handling font encoding PD1 ...
... no UTF-8 mapping file for font encoding PD1
)
\Hy@SavedSpaceFactor=\count97

(/usr/local/texlive/2015/texmf-dist/tex/latex/latexconfig/hyperref.cfg
File: hyperref.cfg 2002/06/06 v1.2 hyperref configuration of TeXLive
)
Package hyperref Info: Hyper figures OFF on input line 4443.
Package hyperref Info: Link nesting OFF on input line 4448.
Package hyperref Info: Hyper index ON on input line 4451.
Package hyperref Info: Plain pages OFF on input line 4458.
Package hyperref Info: Backreferencing OFF on input line 4463.
Package hyperref Info: Implicit mode ON; LaTeX internals redefined.
Package hyperref Info: Bookmarks ON on input line 4688.
\c@Hy@tempcnt=\count98
LaTeX Info: Redefining \url on input line 5041.
\XeTeXLinkMargin=\dimen128
\Fld@menulength=\count99
\Field@Width=\dimen129
\Fld@charsize=\dimen130
Package hyperref Info: Hyper figures OFF on input line 6295.
Package hyperref Info: Link nesting OFF on input line 6300.
Package hyperref Info: Hyper index ON on input line 6303.
Package hyperref Info: backreferencing OFF on input line 6310.
Package hyperref Info: Link coloring OFF on input line 6315.
Package hyperref Info: Link coloring with OCG OFF on input line 6320.
Package hyperref Info: PDF/A mode OFF on input line 6325.
LaTeX Info: Redefining \ref on input line 6365.
LaTeX Info: Redefining \pageref on input line 6369.
\Hy@abspage=\count100
\c@Item=\count101
\c@Hfootnote=\count102
)

Package hyperref Message: Driver (autodetected): hpdftex.

(/usr/local/texlive/2015/texmf-dist/tex/latex/hyperref/hpdftex.def
File: hpdftex.def 2012/11/06 v6.83m Hyperref driver for pdfTeX
\Fld@listcount=\count103
\c@bookmark@seq@number=\count104

(/usr/local/texlive/2015/texmf-dist/tex/latex/oberdiek/rerunfilecheck.sty
Package: rerunfilecheck 2011/04/15 v1.7 Rerun checks for auxiliary files (HO)
Package uniquecounter Info: New unique counter `rerunfilecheck' on input line 2
82.
)
\Hy@SectionHShift=\skip44
)
(/usr/local/texlive/2015/texmf-dist/tex/latex/graphics/graphicx.sty
Package: graphicx 2014/10/28 v1.0g Enhanced LaTeX Graphics (DPC,SPQR)

(/usr/local/texlive/2015/texmf-dist/tex/latex/graphics/graphics.sty
Package: graphics 2014/10/28 v1.0p Standard LaTeX Graphics (DPC,SPQR)

(/usr/local/texlive/2015/texmf-dist/tex/latex/graphics/trig.sty
Package: trig 1999/03/16 v1.09 sin cos tan (DPC)
)
(/usr/local/texlive/2015/texmf-dist/tex/latex/latexconfig/graphics.cfg
File: graphics.cfg 2010/04/23 v1.9 graphics configuration of TeX Live
)
Package graphics Info: Driver file: pdftex.def on input line 94.

(/usr/local/texlive/2015/texmf-dist/tex/latex/pdftex-def/pdftex.def
File: pdftex.def 2011/05/27 v0.06d Graphics/color for pdfTeX
\Gread@gobject=\count105
))
\Gin@req@height=\dimen131
\Gin@req@width=\dimen132
)
(/usr/local/texlive/2015/texmf-dist/tex/latex/fancyref/fancyref.sty
Package: fancyref 1999/02/03 v0.9c Fancy cross-referencing

(/usr/local/texlive/2015/texmf-dist/tex/latex/tools/varioref.sty
Package: varioref 2014/10/28 v1.5a package for extended references (FMi)
\c@vrcnt=\count106
))
(/usr/local/texlive/2015/texmf-dist/tex/latex/cite/cite.sty
LaTeX Info: Redefining \cite on input line 302.
LaTeX Info: Redefining \nocite on input line 332.
Package: cite 2015/02/27  v 5.5
)
(./relatorio_esc.aux)
\openout1 = `relatorio_esc.aux'.

LaTeX Font Info:    Checking defaults for OML/cmm/m/it on input line 333.
LaTeX Font Info:    ... okay on input line 333.
LaTeX Font Info:    Checking defaults for T1/cmr/m/n on input line 333.
LaTeX Font Info:    ... okay on input line 333.
LaTeX Font Info:    Checking defaults for OT1/cmr/m/n on input line 333.
LaTeX Font Info:    ... okay on input line 333.
LaTeX Font Info:    Checking defaults for OMS/cmsy/m/n on input line 333.
LaTeX Font Info:    ... okay on input line 333.
LaTeX Font Info:    Checking defaults for OMX/cmex/m/n on input line 333.
LaTeX Font Info:    ... okay on input line 333.
LaTeX Font Info:    Checking defaults for U/cmr/m/n on input line 333.
LaTeX Font Info:    ... okay on input line 333.
LaTeX Font Info:    Checking defaults for PD1/pdf/m/n on input line 333.
LaTeX Font Info:    ... okay on input line 333.

-- Lines per column: 58 (exact).
\AtBeginShipoutBox=\box28
Package hyperref Info: Link coloring OFF on input line 333.
(/usr/local/texlive/2015/texmf-dist/tex/latex/hyperref/nameref.sty
Package: nameref 2012/10/27 v2.43 Cross-referencing by name of section

(/usr/local/texlive/2015/texmf-dist/tex/generic/oberdiek/gettitlestring.sty
Package: gettitlestring 2010/12/03 v1.4 Cleanup title references (HO)
)
\c@section@level=\count107
LaTeX Info: Redefining \Ref on input line 513.
)
LaTeX Info: Redefining \ref on input line 333.
LaTeX Info: Redefining \pageref on input line 333.
LaTeX Info: Redefining \nameref on input line 333.

(./relatorio_esc.out) (./relatorio_esc.out)
\@outlinefile=\write3
\openout3 = `relatorio_esc.out'.

LaTeX Info: Redefining \Ref on input line 333.

(/usr/local/texlive/2015/texmf-dist/tex/context/base/supp-pdf.mkii
[Loading MPS to PDF converter (version 2006.09.02).]
\scratchcounter=\count108
\scratchdimen=\dimen133
\scratchbox=\box29
\nofMPsegments=\count109
\nofMParguments=\count110
\everyMPshowfont=\toks18
\MPscratchCnt=\count111
\MPscratchDim=\dimen134
\MPnumerator=\count112
\makeMPintoPDFobject=\count113
\everyMPtoPDFconversion=\toks19
) (/usr/local/texlive/2015/texmf-dist/tex/latex/oberdiek/epstopdf-base.sty
Package: epstopdf-base 2010/02/09 v2.5 Base part for package epstopdf

(/usr/local/texlive/2015/texmf-dist/tex/latex/oberdiek/grfext.sty
Package: grfext 2010/08/19 v1.1 Manage graphics extensions (HO)
)
Package grfext Info: Graphics extension search list:
(grfext)             [.png,.pdf,.jpg,.mps,.jpeg,.jbig2,.jb2,.PNG,.PDF,.JPG,.JPE
G,.JBIG2,.JB2,.eps]
(grfext)             \AppendGraphicsExtensions on input line 452.

(/usr/local/texlive/2015/texmf-dist/tex/latex/latexconfig/epstopdf-sys.cfg
File: epstopdf-sys.cfg 2010/07/13 v1.3 Configuration of (r)epstopdf for TeX Liv
e
))
LaTeX Font Info:    Try loading font information for OT1+phv on input line 386.


(/usr/local/texlive/2015/texmf-dist/tex/latex/psnfss/ot1phv.fd
File: ot1phv.fd 2001/06/04 scalable font definitions for OT1/phv.
)
LaTeX Font Info:    Font shape `OT1/ptm/bx/n' in size <14.05249> not available
(Font)              Font shape `OT1/ptm/b/n' tried instead on input line 386.
Package babel Info: Redefining portuges shorthand "|
(babel)             in language append on input line 410.
LaTeX Font Info:    Calculating math sizes for size <10.03749> on input line 41
1.
LaTeX Font Info:    External font `cmex10' loaded for size
(Font)              <10.03749> on input line 411.
LaTeX Font Info:    External font `cmex10' loaded for size
(Font)              <7.0262> on input line 411.
LaTeX Font Info:    External font `cmex10' loaded for size
(Font)              <5.01874> on input line 411.

Underfull \hbox (badness 1527) in paragraph at lines 414--415
[]\OT1/ptm/m/n/10.03749 Este \OT1/ptm/m/it/10.03749 Ben-ch-mark []\OT1/ptm/m/n/
10.03749 e cons-titu[]^^Pdo por 5 \OT1/ptm/m/it/10.03749 Ker-nels \OT1/ptm/m/n/
10.03749 e 3
 []


./relatorio_esc.tex:420: Package inputenc Error: Unicode char \u8:̧ not set up
 for use with LaTeX.

See the inputenc package documentation for explanation.
Type  H <return>  for immediate help.
 ...                                              
                                                  
l.420 ...medições precisas de tempos de execuç
                                                  ão/ócio/bloqueio, da o...

? 

./relatorio_esc.tex:420: Package inputenc Error: Unicode char \u8:̃ not set up
 for use with LaTeX.

See the inputenc package documentation for explanation.
Type  H <return>  for immediate help.
 ...                                              
                                                  
l.420 ...ições precisas de tempos de execuçã
                                                  o/ócio/bloqueio, da ocup...

? 

./relatorio_esc.tex:420: Package inputenc Error: Unicode char \u8:́ not set up
 for use with LaTeX.

See the inputenc package documentation for explanation.
Type  H <return>  for immediate help.
 ...                                              
                                                  
l.420 ...es precisas de tempos de execução/ó
                                                  cio/bloqueio, da ocupaçã...

? 
Package babel Info: Redefining portuges shorthand "|
(babel)             in language append on input line 427.

Underfull \hbox (badness 1436) in paragraph at lines 428--430
\OT1/ptm/m/n/10.03749 De-par-ta-mento de In-form[]atica da Uni-ver-si-dade do M
i-
 []

Package babel Info: Redefining portuges shorthand "|
(babel)             in language append on input line 457.
Package babel Info: Redefining portuges shorthand "|
(babel)             in language append on input line 459.
Package babel Info: Redefining portuges shorthand "|
(babel)             in language append on input line 459.
[1{/usr/local/texlive/2015/texmf-var/fonts/map/pdftex/updmap/pdftex.map}


]

LaTeX Warning: No positions in optional float specifier.
               Default added (so using `tbp') on input line 460.

LaTeX Font Info:    Calculating math sizes for size <8.03> on input line 462.
LaTeX Font Info:    External font `cmex10' loaded for size
(Font)              <8.03> on input line 462.
LaTeX Font Info:    External font `cmex10' loaded for size
(Font)              <5.62097> on input line 462.
LaTeX Font Info:    External font `cmex10' loaded for size
(Font)              <4.015> on input line 462.
LaTeX Font Info:    Try loading font information for OMS+ptm on input line 469.

(/usr/local/texlive/2015/texmf-dist/tex/latex/psnfss/omsptm.fd
File: omsptm.fd 
)
LaTeX Font Info:    Font shape `OMS/ptm/m/n' in size <5.62097> not available
(Font)              Font shape `OMS/cmsy/m/n' tried instead on input line 469.
LaTeX Font Info:    Calculating math sizes for size <5.62097> on input line 469
.


LaTeX Font Warning: Font shape `OT1/cmr/m/n' in size <2.81049> not available
(Font)              size <5> substituted on input line 469.


LaTeX Font Warning: Font shape `OML/cmm/m/it' in size <2.81049> not available
(Font)              size <5> substituted on input line 469.


LaTeX Font Warning: Font shape `OMS/cmsy/m/n' in size <2.81049> not available
(Font)              size <5> substituted on input line 469.

LaTeX Font Info:    External font `cmex10' loaded for size
(Font)              <3.93466> on input line 469.
LaTeX Font Info:    External font `cmex10' loaded for size
(Font)              <2.81049> on input line 469.

LaTeX Warning: No positions in optional float specifier.
               Default added (so using `tbp') on input line 498.

Package babel Info: Redefining portuges shorthand "|
(babel)             in language append on input line 536.
Package babel Info: Redefining portuges shorthand "|
(babel)             in language append on input line 544.

Underfull \hbox (badness 2828) in paragraph at lines 550--551
[]\OT1/ptm/m/n/10.03749 IS [[]1[]] - Ordena[][]ao de in-tei-ros, acesso
 []

Package babel Info: Redefining portuges shorthand "|
(babel)             in language append on input line 572.
Package babel Info: Redefining portuges shorthand "|
(babel)             in language append on input line 572.
[2]
Package babel Info: Redefining portuges shorthand "|
(babel)             in language append on input line 573.
Package babel Info: Redefining portuges shorthand "|
(babel)             in language append on input line 587.
Package babel Info: Redefining portuges shorthand "|
(babel)             in language append on input line 590.
Package babel Info: Redefining portuges shorthand "|
(babel)             in language append on input line 628.
Package babel Info: Redefining portuges shorthand "|
(babel)             in language append on input line 666.
Package babel Info: Redefining portuges shorthand "|
(babel)             in language append on input line 708.
Package babel Info: Redefining portuges shorthand "|
(babel)             in language append on input line 709.
 <SER/tempos_dif_comp_O0_nodo_431.png, id=191, 740.5266pt x 466.8642pt>
File: SER/tempos_dif_comp_O0_nodo_431.png Graphic file (type png)

<use SER/tempos_dif_comp_O0_nodo_431.png>
Package pdftex.def Info: SER/tempos_dif_comp_O0_nodo_431.png used on input line
 716.
(pdftex.def)             Requested size: 240.66829pt x 151.72906pt.


LaTeX Warning: `!h' float specifier changed to `!ht'.

<SER/tempos_dif_comp_O2_nodo_431.png, id=193, 739.563pt x 466.3824pt>
File: SER/tempos_dif_comp_O2_nodo_431.png Graphic file (type png)

<use SER/tempos_dif_comp_O2_nodo_431.png>
Package pdftex.def Info: SER/tempos_dif_comp_O2_nodo_431.png used on input line
 723.
(pdftex.def)             Requested size: 240.35513pt x 151.57248pt.


LaTeX Warning: `!h' float specifier changed to `!ht'.

<SER/tempos_dif_comp_O3_nodo_431.png, id=194, 739.563pt x 466.3824pt>
File: SER/tempos_dif_comp_O3_nodo_431.png Graphic file (type png)

<use SER/tempos_dif_comp_O3_nodo_431.png>
Package pdftex.def Info: SER/tempos_dif_comp_O3_nodo_431.png used on input line
 730.
(pdftex.def)             Requested size: 240.35513pt x 151.57248pt.


LaTeX Warning: `!h' float specifier changed to `!ht'.

Package babel Info: Redefining portuges shorthand "|
(babel)             in language append on input line 736.
Package babel Info: Redefining portuges shorthand "|
(babel)             in language append on input line 736.
[3] <SER/mops_dif_comp_O0_nodo_431.png, id=217, 739.0812pt x 466.8642pt>
File: SER/mops_dif_comp_O0_nodo_431.png Graphic file (type png)

<use SER/mops_dif_comp_O0_nodo_431.png>
Package pdftex.def Info: SER/mops_dif_comp_O0_nodo_431.png used on input line 7
45.
(pdftex.def)             Requested size: 240.19855pt x 151.72906pt.

<SER/mops_dif_comp_O2_nodo_431.png, id=218, 739.563pt x 466.8642pt>
File: SER/mops_dif_comp_O2_nodo_431.png Graphic file (type png)

<use SER/mops_dif_comp_O2_nodo_431.png>
Package pdftex.def Info: SER/mops_dif_comp_O2_nodo_431.png used on input line 7
52.
(pdftex.def)             Requested size: 240.35513pt x 151.72906pt.


LaTeX Warning: `!h' float specifier changed to `!ht'.

<SER/mops_dif_comp_O3_nodo_431.png, id=219, 739.563pt x 466.3824pt>
File: SER/mops_dif_comp_O3_nodo_431.png Graphic file (type png)

<use SER/mops_dif_comp_O3_nodo_431.png>
Package pdftex.def Info: SER/mops_dif_comp_O3_nodo_431.png used on input line 7
59.
(pdftex.def)             Requested size: 240.35513pt x 151.57248pt.


LaTeX Warning: `!h' float specifier changed to `!ht'.

Package babel Info: Redefining portuges shorthand "|
(babel)             in language append on input line 764.
Package babel Info: Redefining portuges shorthand "|
(babel)             in language append on input line 766.
Package babel Info: Redefining portuges shorthand "|
(babel)             in language append on input line 766.
[4 <./SER/tempos_dif_comp_O0_nodo_431.png> <./SER/tempos_dif_comp_O2_nodo_431.p
ng> <./SER/tempos_dif_comp_O3_nodo_431.png> <./SER/mops_dif_comp_O0_nodo_431.pn
g>] <OMP/tempos_dif_comp-O2_IS_nodo-431.png, id=233, 1048.8786pt x 523.2348pt>
File: OMP/tempos_dif_comp-O2_IS_nodo-431.png Graphic file (type png)

<use OMP/tempos_dif_comp-O2_IS_nodo-431.png>
Package pdftex.def Info: OMP/tempos_dif_comp-O2_IS_nodo-431.png used on input l
ine 769.
(pdftex.def)             Requested size: 262.21901pt x 130.80838pt.

Overfull \hbox (18.30775pt too wide) in paragraph at lines 769--770
 [][] 
 []


LaTeX Warning: `!h' float specifier changed to `!ht'.

<OMP/tempos_dif_comp-O3_IS_nodo-431.png, id=234, 1048.8786pt x 523.2348pt>
File: OMP/tempos_dif_comp-O3_IS_nodo-431.png Graphic file (type png)

<use OMP/tempos_dif_comp-O3_IS_nodo-431.png>
Package pdftex.def Info: OMP/tempos_dif_comp-O3_IS_nodo-431.png used on input l
ine 776.
(pdftex.def)             Requested size: 262.21901pt x 130.80838pt.

Overfull \hbox (18.30775pt too wide) in paragraph at lines 776--777
 [][] 
 []


LaTeX Warning: `!h' float specifier changed to `!ht'.

<OMP/mops_dif_comp-O2_IS_nodo-431.png, id=239, 1048.3968pt x 522.753pt>
File: OMP/mops_dif_comp-O2_IS_nodo-431.png Graphic file (type png)

<use OMP/mops_dif_comp-O2_IS_nodo-431.png>
Package pdftex.def Info: OMP/mops_dif_comp-O2_IS_nodo-431.png used on input lin
e 789.
(pdftex.def)             Requested size: 235.8951pt x 117.62231pt.


LaTeX Warning: `!h' float specifier changed to `!ht'.

<OMP/mops_dif_comp-O3_IS_nodo-431.png, id=240, 1048.3968pt x 522.753pt>
File: OMP/mops_dif_comp-O3_IS_nodo-431.png Graphic file (type png)

<use OMP/mops_dif_comp-O3_IS_nodo-431.png>
Package pdftex.def Info: OMP/mops_dif_comp-O3_IS_nodo-431.png used on input lin
e 796.
(pdftex.def)             Requested size: 235.8951pt x 117.62231pt.


LaTeX Warning: `!h' float specifier changed to `!ht'.

Package babel Info: Redefining portuges shorthand "|
(babel)             in language append on input line 802.
Package babel Info: Redefining portuges shorthand "|
(babel)             in language append on input line 802.
[5 <./SER/mops_dif_comp_O2_nodo_431.png> <./SER/mops_dif_comp_O3_nodo_431.png> 
<./OMP/tempos_dif_comp-O2_IS_nodo-431.png> <./OMP/tempos_dif_comp-O3_IS_nodo-43
1.png>]
<OMP/mops-thread_dif_comp-O2_IS_nodo-431.png, id=257, 1047.915pt x 522.753pt>
File: OMP/mops-thread_dif_comp-O2_IS_nodo-431.png Graphic file (type png)

<use OMP/mops-thread_dif_comp-O2_IS_nodo-431.png>
Package pdftex.def Info: OMP/mops-thread_dif_comp-O2_IS_nodo-431.png used on in
put line 805.
(pdftex.def)             Requested size: 235.78668pt x 117.62231pt.

<OMP/mops-thread_dif_comp-O3_IS_nodo-431.png, id=258, 1047.915pt x 522.753pt>
File: OMP/mops-thread_dif_comp-O3_IS_nodo-431.png Graphic file (type png)

<use OMP/mops-thread_dif_comp-O3_IS_nodo-431.png>
Package pdftex.def Info: OMP/mops-thread_dif_comp-O3_IS_nodo-431.png used on in
put line 812.
(pdftex.def)             Requested size: 235.78668pt x 117.62231pt.


LaTeX Warning: `!h' float specifier changed to `!ht'.

Package babel Info: Redefining portuges shorthand "|
(babel)             in language append on input line 819.
Package babel Info: Redefining portuges shorthand "|
(babel)             in language append on input line 822.
Package babel Info: Redefining portuges shorthand "|
(babel)             in language append on input line 825.
<ganhos_seq_vs_omp.png, id=260, 739.563pt x 466.8642pt>
File: ganhos_seq_vs_omp.png Graphic file (type png)

<use ganhos_seq_vs_omp.png>
Package pdftex.def Info: ganhos_seq_vs_omp.png used on input line 829.
(pdftex.def)             Requested size: 240.35513pt x 151.72906pt.
Package babel Info: Redefining portuges shorthand "|
(babel)             in language append on input line 835.
Package babel Info: Redefining portuges shorthand "|
(babel)             in language append on input line 837.

Underfull \vbox (badness 1577) has occurred while \output is active []

Package babel Info: Redefining portuges shorthand "|
(babel)             in language append on input line 839.
Package babel Info: Redefining portuges shorthand "|
(babel)             in language append on input line 839.
 [6 <./OMP/mops_dif_comp-O2_IS_nodo-431.png> <./OMP/mops_dif_comp-O3_IS_nodo-43
1.png> <./OMP/mops-thread_dif_comp-O2_IS_nodo-431.png> <./OMP/mops-thread_dif_c
omp-O3_IS_nodo-431.png> <./ganhos_seq_vs_omp.png>]
Package babel Info: Redefining portuges shorthand "|
(babel)             in language append on input line 849.
Package babel Info: Redefining portuges shorthand "|
(babel)             in language append on input line 852.
Package babel Info: Redefining portuges shorthand "|
(babel)             in language append on input line 853.
Package babel Info: Redefining portuges shorthand "|
(babel)             in language append on input line 854.
Package babel Info: Redefining portuges shorthand "|
(babel)             in language append on input line 854.
Package babel Info: Redefining portuges shorthand "|
(babel)             in language append on input line 856.
Package babel Info: Redefining portuges shorthand "|
(babel)             in language append on input line 857.
Package babel Info: Redefining portuges shorthand "|
(babel)             in language append on input line 858.
Package babel Info: Redefining portuges shorthand "|
(babel)             in language append on input line 858.
Package babel Info: Redefining portuges shorthand "|
(babel)             in language append on input line 860.
Package babel Info: Redefining portuges shorthand "|
(babel)             in language append on input line 861.
Package babel Info: Redefining portuges shorthand "|
(babel)             in language append on input line 863.
Package babel Info: Redefining portuges shorthand "|
(babel)             in language append on input line 863.
 (./relatorio_esc.bbl
Package babel Info: Redefining portuges shorthand "|
(babel)             in language append on input line 1.
)
Package babel Info: Redefining portuges shorthand "|
(babel)             in language append on input line 989.

** WARNING: Ignoring useless \section in Appendix (line 990).
<SER/tempos_dif_comp_O0_nodo_641.png, id=278, 740.0448pt x 466.8642pt>
File: SER/tempos_dif_comp_O0_nodo_641.png Graphic file (type png)

<use SER/tempos_dif_comp_O0_nodo_641.png>
Package pdftex.def Info: SER/tempos_dif_comp_O0_nodo_641.png used on input line
 995.
(pdftex.def)             Requested size: 240.5117pt x 151.72906pt.

<SER/tempos_dif_comp_O2_nodo_641.png, id=279, 739.563pt x 466.3824pt>
File: SER/tempos_dif_comp_O2_nodo_641.png Graphic file (type png)

<use SER/tempos_dif_comp_O2_nodo_641.png>
Package pdftex.def Info: SER/tempos_dif_comp_O2_nodo_641.png used on input line
 1001.
(pdftex.def)             Requested size: 240.35513pt x 151.57248pt.

<SER/tempos_dif_comp_O3_nodo_641.png, id=280, 739.563pt x 466.8642pt>
File: SER/tempos_dif_comp_O3_nodo_641.png Graphic file (type png)

<use SER/tempos_dif_comp_O3_nodo_641.png>
Package pdftex.def Info: SER/tempos_dif_comp_O3_nodo_641.png used on input line
 1007.
(pdftex.def)             Requested size: 240.35513pt x 151.72906pt.


LaTeX Warning: `!h' float specifier changed to `!ht'.

<SER/mops_dif_comp_O0_nodo_641.png, id=281, 739.563pt x 466.8642pt>
File: SER/mops_dif_comp_O0_nodo_641.png Graphic file (type png)

<use SER/mops_dif_comp_O0_nodo_641.png>
Package pdftex.def Info: SER/mops_dif_comp_O0_nodo_641.png used on input line 1
013.
(pdftex.def)             Requested size: 240.35513pt x 151.72906pt.


LaTeX Warning: `!h' float specifier changed to `!ht'.

<SER/mops_dif_comp_O2_nodo_641.png, id=282, 739.563pt x 466.3824pt>
File: SER/mops_dif_comp_O2_nodo_641.png Graphic file (type png)

<use SER/mops_dif_comp_O2_nodo_641.png>
Package pdftex.def Info: SER/mops_dif_comp_O2_nodo_641.png used on input line 1
019.
(pdftex.def)             Requested size: 240.35513pt x 151.57248pt.


LaTeX Warning: `!h' float specifier changed to `!ht'.

<SER/mops_dif_comp_O3_nodo_641.png, id=283, 739.0812pt x 466.3824pt>
File: SER/mops_dif_comp_O3_nodo_641.png Graphic file (type png)

<use SER/mops_dif_comp_O3_nodo_641.png>
Package pdftex.def Info: SER/mops_dif_comp_O3_nodo_641.png used on input line 1
025.
(pdftex.def)             Requested size: 240.19855pt x 151.57248pt.


LaTeX Warning: `!h' float specifier changed to `!ht'.

** WARNING: Ignoring useless \section in Appendix (line 1029).
<OMP/tempos_dif_comp-O2_IS_nodo-641.png, id=284, 1048.8786pt x 523.2348pt>
File: OMP/tempos_dif_comp-O2_IS_nodo-641.png Graphic file (type png)

<use OMP/tempos_dif_comp-O2_IS_nodo-641.png>
Package pdftex.def Info: OMP/tempos_dif_comp-O2_IS_nodo-641.png used on input l
ine 1034.
(pdftex.def)             Requested size: 262.21901pt x 130.80838pt.

Overfull \hbox (18.30775pt too wide) in paragraph at lines 1034--1035
 [][] 
 []


LaTeX Warning: `!h' float specifier changed to `!ht'.

<OMP/tempos_dif_comp-O3_IS_nodo-641.png, id=285, 1048.8786pt x 523.2348pt>
File: OMP/tempos_dif_comp-O3_IS_nodo-641.png Graphic file (type png)

<use OMP/tempos_dif_comp-O3_IS_nodo-641.png>
Package pdftex.def Info: OMP/tempos_dif_comp-O3_IS_nodo-641.png used on input l
ine 1040.
(pdftex.def)             Requested size: 262.21901pt x 130.80838pt.

Overfull \hbox (18.30775pt too wide) in paragraph at lines 1040--1041
 [][] 
 []


LaTeX Warning: `!h' float specifier changed to `!ht'.

<OMP/mops_dif_comp-O2_IS_nodo-641.png, id=286, 1105.2492pt x 522.753pt>
File: OMP/mops_dif_comp-O2_IS_nodo-641.png Graphic file (type png)

<use OMP/mops_dif_comp-O2_IS_nodo-641.png>
Package pdftex.def Info: OMP/mops_dif_comp-O2_IS_nodo-641.png used on input lin
e 1046.
(pdftex.def)             Requested size: 248.6872pt x 117.62231pt.

Overfull \hbox (4.77594pt too wide) in paragraph at lines 1046--1047
 [][] 
 []


LaTeX Warning: `!h' float specifier changed to `!ht'.

<OMP/mops_dif_comp-O3_IS_nodo-641.png, id=287, 1105.2492pt x 523.2348pt>
File: OMP/mops_dif_comp-O3_IS_nodo-641.png Graphic file (type png)

<use OMP/mops_dif_comp-O3_IS_nodo-641.png>
Package pdftex.def Info: OMP/mops_dif_comp-O3_IS_nodo-641.png used on input lin
e 1052.
(pdftex.def)             Requested size: 248.6872pt x 117.73073pt.

Overfull \hbox (4.77594pt too wide) in paragraph at lines 1052--1053
 [][] 
 []


LaTeX Warning: `!h' float specifier changed to `!ht'.


<OMP/mops-thread_dif_comp-O2_IS_nodo-641.png, id=288, 1077.7866pt x 522.753pt>
File: OMP/mops-thread_dif_comp-O2_IS_nodo-641.png Graphic file (type png)

<use OMP/mops-thread_dif_comp-O2_IS_nodo-641.png>
Package pdftex.def Info: OMP/mops-thread_dif_comp-O2_IS_nodo-641.png used on in
put line 1058.
(pdftex.def)             Requested size: 242.50797pt x 117.62231pt.


LaTeX Warning: `!h' float specifier changed to `!ht'.


<OMP/mops-thread_dif_comp-O3_IS_nodo-641.png, id=289, 1077.7866pt x 523.2348pt>
File: OMP/mops-thread_dif_comp-O3_IS_nodo-641.png Graphic file (type png)
<use OMP/mops-thread_dif_comp-O3_IS_nodo-641.png>
Package pdftex.def Info: OMP/mops-thread_dif_comp-O3_IS_nodo-641.png used on in
put line 1064.
(pdftex.def)             Requested size: 242.50797pt x 117.73073pt.


LaTeX Warning: `!h' float specifier changed to `!ht'.


** Conference Paper **
Before submitting the final camera ready copy, remember to:

 1. Manually equalize the lengths of two columns on the last page
 of your paper;

 2. Ensure that any PostScript and/or PDF output post-processing
 uses only Type 1 fonts and that every step in the generation
 process uses the appropriate paper size.

Package atveryend Info: Empty hook `BeforeClearDocument' on input line 1069.
Package babel Info: Redefining portuges shorthand "|
(babel)             in language append on input line 1069.
Package babel Info: Redefining portuges shorthand "|
(babel)             in language append on input line 1069.
[7 <./SER/tempos_dif_comp_O0_nodo_641.png> <./SER/tempos_dif_comp_O2_nodo_641.p
ng>]
Package babel Info: Redefining portuges shorthand "|
(babel)             in language append on input line 1069.
Package babel Info: Redefining portuges shorthand "|
(babel)             in language append on input line 1069.
 [8 <./SER/tempos_dif_comp_O3_nodo_641.png> <./SER/mops_dif_comp_O0_nodo_641.pn
g> <./SER/mops_dif_comp_O2_nodo_641.png> <./SER/mops_dif_comp_O3_nodo_641.png> 
<./OMP/tempos_dif_comp-O2_IS_nodo-641.png> <./OMP/tempos_dif_comp-O3_IS_nodo-64
1.png>]
Package babel Info: Redefining portuges shorthand "|
(babel)             in language append on input line 1069.
Package babel Info: Redefining portuges shorthand "|
(babel)             in language append on input line 1069.
 [9

 <./OMP/mops_dif_comp-O2_IS_nodo-641.png> <./OMP/mops_dif_comp-O3_IS_nodo-641.p
ng> <./OMP/mops-thread_dif_comp-O2_IS_nodo-641.png> <./OMP/mops-thread_dif_comp
-O3_IS_nodo-641.png>]
Package atveryend Info: Empty hook `AfterLastShipout' on input line 1069.
 (./relatorio_esc.aux)
Package atveryend Info: Executing hook `AtVeryEndDocument' on input line 1069.
Package atveryend Info: Executing hook `AtEndAfterFileList' on input line 1069.

Package rerunfilecheck Info: File `relatorio_esc.out' has not changed.
(rerunfilecheck)             Checksum: AEB93111D3963D39025D20BFD61CA7AF;2105.


LaTeX Font Warning: Size substitutions with differences
(Font)              up to 2.18951pt have occurred.

Package atveryend Info: Empty hook `AtVeryVeryEnd' on input line 1069.
 ) 
Here is how much of TeX's memory you used:
 7223 strings out of 493089
 113192 string characters out of 6134842
 215134 words of memory out of 5000000
 10518 multiletter control sequences out of 15000+600000
 48991 words of font info for 84 fonts, out of 8000000 for 9000
 1144 hyphenation exceptions out of 8191
 30i,16n,32p,1137b,334s stack positions out of 5000i,500n,10000p,200000b,80000s
{/usr/local/texlive/2015/texmf-dist/fonts/enc/dvips/base/8r.enc}</usr/local/t
exlive/2015/texmf-dist/fonts/type1/public/amsfonts/cm/cmsy6.pfb></usr/local/tex
live/2015/texmf-dist/fonts/type1/public/amsfonts/cm/cmsy7.pfb></usr/local/texli
ve/2015/texmf-dist/fonts/type1/urw/times/utmb8a.pfb></usr/local/texlive/2015/te
xmf-dist/fonts/type1/urw/times/utmbi8a.pfb></usr/local/texlive/2015/texmf-dist/
fonts/type1/urw/times/utmr8a.pfb></usr/local/texlive/2015/texmf-dist/fonts/type
1/urw/times/utmri8a.pfb>
Output written on relatorio_esc.pdf (9 pages, 4842010 bytes).
PDF statistics:
 375 PDF objects out of 1000 (max. 8388607)
 304 compressed objects within 4 object streams
 85 named destinations out of 1000 (max. 500000)
 390 words of extra memory for PDF output out of 10000 (max. 10000000)

